<?xml version="1.0" encoding="UTF-8"?>
<!-- Generated by org.testng.reporters.JUnitReportReporter -->
<testsuite hostname="jop55-dt" name="com.dbmi.i2b2Act.DBTest" tests="1" failures="0" timestamp="6 Jun 2017 15:10:11 GMT" time="0.000" errors="0">
  <testcase name="f" time="0.000" classname="com.dbmi.i2b2Act.DBTest"/>
</testsuite> <!-- com.dbmi.i2b2Act.DBTest -->
