<?xml version="1.0" encoding="UTF-8"?>
<!-- Generated by org.testng.reporters.JUnitReportReporter -->
<testsuite hostname="jop55-dt" name="com.dbmi.i2b2Act.AppTest" tests="1" failures="0" timestamp="6 Jun 2017 15:10:11 GMT" time="0.001" errors="0">
  <testcase name="testApp" time="0.001" classname="com.dbmi.i2b2Act.AppTest"/>
</testsuite> <!-- com.dbmi.i2b2Act.AppTest -->
