<?xml version="1.0" encoding="UTF-8"?>
<!-- Generated by org.testng.reporters.JUnitReportReporter -->
<testsuite hostname="jop55-dt" name="com.dbmi.i2b2Pcori.Qry_Pcori_ICD10ImgUpperArtMRI" tests="2" failures="0" timestamp="1 Sep 2017 15:21:52 GMT" time="193.077" errors="0">
  <testcase name="DBduration" time="1.048" classname="com.dbmi.i2b2Pcori.Qry_Pcori_ICD10ImgUpperArtMRI"/>
  <testcase name="testCompare" time="192.029" classname="com.dbmi.i2b2Pcori.Qry_Pcori_ICD10ImgUpperArtMRI"/>
</testsuite> <!-- com.dbmi.i2b2Pcori.Qry_Pcori_ICD10ImgUpperArtMRI -->
