<?xml version="1.0" encoding="UTF-8"?>
<!-- Generated by org.testng.reporters.JUnitReportReporter -->
<testsuite hostname="jop55-dt" name="com.dbmi.i2b2Act.Qry_Asthma" tests="1" failures="0" timestamp="13 Jul 2017 15:47:07 GMT" time="16.599" errors="0">
  <testcase name="testAsthma" time="16.599" classname="com.dbmi.i2b2Act.Qry_Asthma"/>
</testsuite> <!-- com.dbmi.i2b2Act.Qry_Asthma -->
