<?xml version="1.0" encoding="UTF-8"?>
<!-- Generated by org.testng.reporters.JUnitReportReporter -->
<testsuite hostname="jop55-dt" name="com.dbmi.i2b2Pcori.Qry_Pcori_ICD10ProcImgUpperArtMRI" tests="2" failures="0" timestamp="16 Oct 2017 19:38:57 GMT" time="197.972" errors="0">
  <testcase name="DBduration" time="3.254" classname="com.dbmi.i2b2Pcori.Qry_Pcori_ICD10ProcImgUpperArtMRI"/>
  <testcase name="testCompare" time="194.718" classname="com.dbmi.i2b2Pcori.Qry_Pcori_ICD10ProcImgUpperArtMRI"/>
</testsuite> <!-- com.dbmi.i2b2Pcori.Qry_Pcori_ICD10ProcImgUpperArtMRI -->
