<?xml version="1.0" encoding="UTF-8"?>
<!-- Generated by org.testng.reporters.JUnitReportReporter -->
<testsuite hostname="jop55-dt" name="com.dbmi.i2b2Act.Qry_Act_OperLiverTransPlantDate" tests="1" failures="0" timestamp="21 Aug 2017 12:32:51 GMT" time="2.470" errors="0">
  <testcase name="DBduration" time="2.470" classname="com.dbmi.i2b2Act.Qry_Act_OperLiverTransPlantDate"/>
</testsuite> <!-- com.dbmi.i2b2Act.Qry_Act_OperLiverTransPlantDate -->
