<?xml version="1.0" encoding="UTF-8"?>
<!-- Generated by org.testng.reporters.JUnitReportReporter -->
<testsuite hostname="jop55-dt" name="com.dbmi.i2b2Pcori.Qry_Pcori_ICD10ProcNucMedMuscSkelServicalSpine" tests="2" failures="0" timestamp="30 Aug 2017 19:37:34 GMT" time="221.032" errors="0">
  <testcase name="DBduration" time="1.266" classname="com.dbmi.i2b2Pcori.Qry_Pcori_ICD10ProcNucMedMuscSkelServicalSpine"/>
  <testcase name="testCompare" time="219.766" classname="com.dbmi.i2b2Pcori.Qry_Pcori_ICD10ProcNucMedMuscSkelServicalSpine"/>
</testsuite> <!-- com.dbmi.i2b2Pcori.Qry_Pcori_ICD10ProcNucMedMuscSkelServicalSpine -->
