<?xml version="1.0" encoding="UTF-8"?>
<!-- Generated by org.testng.reporters.JUnitReportReporter -->
<testsuite hostname="jop55-dt" name="com.dbmi.i2b2Pcori.Qry_Pcori_ICD9OperLiverTransPlant" tests="2" failures="0" timestamp="17 Oct 2017 13:23:35 GMT" time="209.311" errors="0">
  <testcase name="DBduration" time="1.513" classname="com.dbmi.i2b2Pcori.Qry_Pcori_ICD9OperLiverTransPlant"/>
  <testcase name="testCompare" time="207.798" classname="com.dbmi.i2b2Pcori.Qry_Pcori_ICD9OperLiverTransPlant"/>
</testsuite> <!-- com.dbmi.i2b2Pcori.Qry_Pcori_ICD9OperLiverTransPlant -->
