<?xml version="1.0" encoding="UTF-8"?>
<!-- Generated by org.testng.reporters.JUnitReportReporter -->
<testsuite hostname="jop55-dt" name="com.dbmi.i2b2Act.Qry_Act_MedFamciclovir_OrderTyp_AmbuPres" tests="1" failures="0" timestamp="15 Aug 2017 19:28:34 GMT" time="211.848" errors="0">
  <testcase name="testCompare" time="211.848" classname="com.dbmi.i2b2Act.Qry_Act_MedFamciclovir_OrderTyp_AmbuPres"/>
</testsuite> <!-- com.dbmi.i2b2Act.Qry_Act_MedFamciclovir_OrderTyp_AmbuPres -->
