<?xml version="1.0" encoding="UTF-8"?>
<!-- Generated by org.testng.reporters.JUnitReportReporter -->
<testsuite hostname="jop55-dt" name="com.dbmi.i2b2Pcori.Qry_Pcori_ICD10DiagDisEarOttisAcuteOttisREarDateRange" tests="2" failures="0" timestamp="16 Oct 2017 14:12:32 GMT" time="854.267" errors="0">
  <testcase name="testCompare" time="827.367" classname="com.dbmi.i2b2Pcori.Qry_Pcori_ICD10DiagDisEarOttisAcuteOttisREarDateRange"/>
  <testcase name="DBduration" time="26.900" classname="com.dbmi.i2b2Pcori.Qry_Pcori_ICD10DiagDisEarOttisAcuteOttisREarDateRange"/>
</testsuite> <!-- com.dbmi.i2b2Pcori.Qry_Pcori_ICD10DiagDisEarOttisAcuteOttisREarDateRange -->
