<?xml version="1.0" encoding="UTF-8"?>
<!-- Generated by org.testng.reporters.JUnitReportReporter -->
<testsuite hostname="jop55-dt" name="com.dbmi.i2b2Act.Qry_HepCwoutHcoma" tests="1" failures="0" timestamp="13 Jul 2017 17:36:09 GMT" time="33.294" errors="0">
  <testcase name="testHepCwoutHcoma" time="33.294" classname="com.dbmi.i2b2Act.Qry_HepCwoutHcoma"/>
</testsuite> <!-- com.dbmi.i2b2Act.Qry_HepCwoutHcoma -->
