<?xml version="1.0" encoding="UTF-8"?>
<!-- Generated by org.testng.reporters.JUnitReportReporter -->
<testsuite hostname="jop55-dt" name="com.dbmi.i2b2Pcori.Qry_Pcori_ICD9OperLiverTransPlantANDAsthma" tests="2" failures="0" timestamp="17 Oct 2017 13:29:02 GMT" time="293.785" errors="0">
  <testcase name="testCompare" time="291.442" classname="com.dbmi.i2b2Pcori.Qry_Pcori_ICD9OperLiverTransPlantANDAsthma"/>
  <testcase name="DBduration" time="2.343" classname="com.dbmi.i2b2Pcori.Qry_Pcori_ICD9OperLiverTransPlantANDAsthma"/>
</testsuite> <!-- com.dbmi.i2b2Pcori.Qry_Pcori_ICD9OperLiverTransPlantANDAsthma -->
