<?xml version="1.0" encoding="UTF-8"?>
<!-- Generated by org.testng.reporters.JUnitReportReporter -->
<testsuite hostname="jop55-dt" name="com.dbmi.i2b2Pcori.Qry_Pcori_PhyRehabActivitCirculatoryLowerExtrCerculation" tests="2" failures="0" timestamp="1 Sep 2017 17:47:25 GMT" time="192.506" errors="0">
  <testcase name="DBduration" time="0.827" classname="com.dbmi.i2b2Pcori.Qry_Pcori_PhyRehabActivitCirculatoryLowerExtrCerculation"/>
  <testcase name="testCompare" time="191.679" classname="com.dbmi.i2b2Pcori.Qry_Pcori_PhyRehabActivitCirculatoryLowerExtrCerculation"/>
</testsuite> <!-- com.dbmi.i2b2Pcori.Qry_Pcori_PhyRehabActivitCirculatoryLowerExtrCerculation -->
