<?xml version="1.0" encoding="UTF-8"?>
<!-- Generated by org.testng.reporters.JUnitReportReporter -->
<testsuite hostname="jop55-dt" name="com.dbmi.i2b2Pcori.Qry_Pcori_ICD10ProcAdminPhysioIrriEyePercutIrrigSubstance" tests="2" failures="0" timestamp="16 Oct 2017 18:58:18 GMT" time="210.038" errors="0">
  <testcase name="testCompare" time="206.578" classname="com.dbmi.i2b2Pcori.Qry_Pcori_ICD10ProcAdminPhysioIrriEyePercutIrrigSubstance"/>
  <testcase name="DBduration" time="3.460" classname="com.dbmi.i2b2Pcori.Qry_Pcori_ICD10ProcAdminPhysioIrriEyePercutIrrigSubstance"/>
</testsuite> <!-- com.dbmi.i2b2Pcori.Qry_Pcori_ICD10ProcAdminPhysioIrriEyePercutIrrigSubstance -->
