<?xml version="1.0" encoding="UTF-8"?>
<!-- Generated by org.testng.reporters.JUnitReportReporter -->
<testsuite hostname="jop55-dt" name="com.dbmi.i2b2Pcori.Qry_Pcori_DemVitalDeadDateRange" tests="2" failures="0" timestamp="16 Oct 2017 12:36:49 GMT" time="210.782" errors="0">
  <testcase name="DBduration" time="2.111" classname="com.dbmi.i2b2Pcori.Qry_Pcori_DemVitalDeadDateRange"/>
  <testcase name="testCompare" time="208.671" classname="com.dbmi.i2b2Pcori.Qry_Pcori_DemVitalDeadDateRange"/>
</testsuite> <!-- com.dbmi.i2b2Pcori.Qry_Pcori_DemVitalDeadDateRange -->
