<?xml version="1.0" encoding="UTF-8"?>
<!-- Generated by org.testng.reporters.JUnitReportReporter -->
<testsuite hostname="jop55-dt" name="com.dbmi.i2b2Pcori.Qry_Pcori_DemRaceWhite" tests="2" failures="0" timestamp="13 Oct 2017 19:08:47 GMT" time="116.658" errors="0">
  <testcase name="DBduration" time="7.068" classname="com.dbmi.i2b2Pcori.Qry_Pcori_DemRaceWhite"/>
  <testcase name="testCompare" time="109.590" classname="com.dbmi.i2b2Pcori.Qry_Pcori_DemRaceWhite"/>
</testsuite> <!-- com.dbmi.i2b2Pcori.Qry_Pcori_DemRaceWhite -->
