<?xml version="1.0" encoding="UTF-8"?>
<!-- Generated by org.testng.reporters.JUnitReportReporter -->
<testsuite hostname="jop55-dt" name="com.dbmi.i2b2Act.Qry_Sertraline" tests="1" failures="0" timestamp="13 Jul 2017 17:43:49 GMT" time="35.669" errors="0">
  <testcase name="testSertraline" time="35.669" classname="com.dbmi.i2b2Act.Qry_Sertraline"/>
</testsuite> <!-- com.dbmi.i2b2Act.Qry_Sertraline -->
