<?xml version="1.0" encoding="UTF-8"?>
<!-- Generated by org.testng.reporters.JUnitReportReporter -->
<testsuite hostname="jop55-dt" name="com.dbmi.i2b2Pcori.Qry_Pcori_ICD10DiagSymptomsR00_99R1019AbdomPelvicOtherReboundLeftUpTenderDateRange" tests="2" failures="0" timestamp="24 Oct 2017 12:42:21 GMT" time="840.272" errors="0">
  <testcase name="DBduration" time="1.521" classname="com.dbmi.i2b2Pcori.Qry_Pcori_ICD10DiagSymptomsR00_99R1019AbdomPelvicOtherReboundLeftUpTenderDateRange"/>
  <testcase name="testCompare" time="838.751" classname="com.dbmi.i2b2Pcori.Qry_Pcori_ICD10DiagSymptomsR00_99R1019AbdomPelvicOtherReboundLeftUpTenderDateRange"/>
</testsuite> <!-- com.dbmi.i2b2Pcori.Qry_Pcori_ICD10DiagSymptomsR00_99R1019AbdomPelvicOtherReboundLeftUpTenderDateRange -->
