<?xml version="1.0" encoding="UTF-8"?>
<!-- Generated by org.testng.reporters.JUnitReportReporter -->
<testsuite hostname="jop55-dt" name="com.dbmi.i2b2Act.Qry_Pcori_DemRaceWhite" tests="2" failures="0" timestamp="21 Aug 2017 19:08:31 GMT" time="114.624" errors="0">
  <testcase name="testCompare" time="108.189" classname="com.dbmi.i2b2Act.Qry_Pcori_DemRaceWhite"/>
  <testcase name="DBduration" time="6.435" classname="com.dbmi.i2b2Act.Qry_Pcori_DemRaceWhite"/>
</testsuite> <!-- com.dbmi.i2b2Act.Qry_Pcori_DemRaceWhite -->
