<?xml version="1.0" encoding="UTF-8"?>
<!-- Generated by org.testng.reporters.JUnitReportReporter -->
<testsuite hostname="jop55-dt" name="com.dbmi.i2b2Pcori.Qry_Pcori_ICD10DiagDisEarOttisAcuteOttisREar" tests="2" failures="0" timestamp="12 Oct 2017 16:48:49 GMT" time="205.893" errors="0">
  <testcase name="DBduration" time="0.364" classname="com.dbmi.i2b2Pcori.Qry_Pcori_ICD10DiagDisEarOttisAcuteOttisREar"/>
  <testcase name="testCompare" time="205.529" classname="com.dbmi.i2b2Pcori.Qry_Pcori_ICD10DiagDisEarOttisAcuteOttisREar"/>
</testsuite> <!-- com.dbmi.i2b2Pcori.Qry_Pcori_ICD10DiagDisEarOttisAcuteOttisREar -->
