<?xml version="1.0" encoding="UTF-8"?>
<!-- Generated by org.testng.reporters.JUnitReportReporter -->
<testsuite hostname="jop55-dt" name="com.dbmi.i2b2Pcori.Qry_Pcori_ICD10DiagDisRespAsthmaAge5564" tests="2" failures="0" timestamp="16 Oct 2017 18:22:02 GMT" time="1142.216" errors="0">
  <testcase name="testCompare" time="1105.506" classname="com.dbmi.i2b2Pcori.Qry_Pcori_ICD10DiagDisRespAsthmaAge5564"/>
  <testcase name="DBduration" time="36.710" classname="com.dbmi.i2b2Pcori.Qry_Pcori_ICD10DiagDisRespAsthmaAge5564"/>
</testsuite> <!-- com.dbmi.i2b2Pcori.Qry_Pcori_ICD10DiagDisRespAsthmaAge5564 -->
