<?xml version="1.0" encoding="UTF-8"?>
<!-- Generated by org.testng.reporters.JUnitReportReporter -->
<testsuite hostname="jop55-dt" name="com.dbmi.i2b2Act.Qry_Act_LabElectrolytes" tests="1" failures="0" timestamp="21 Aug 2017 12:32:51 GMT" time="45.988" errors="0">
  <testcase name="DBduration" time="45.988" classname="com.dbmi.i2b2Act.Qry_Act_LabElectrolytes"/>
</testsuite> <!-- com.dbmi.i2b2Act.Qry_Act_LabElectrolytes -->
