<?xml version="1.0" encoding="UTF-8"?>
<!-- Generated by org.testng.reporters.JUnitReportReporter -->
<testsuite hostname="jop55-dt" name="com.dbmi.i2b2Pcori.Qry_Pcori_DemRaceWhiteAgeHispanic" tests="2" failures="0" timestamp="13 Oct 2017 19:33:48 GMT" time="162.031" errors="0">
  <testcase name="testCompare" time="127.147" classname="com.dbmi.i2b2Pcori.Qry_Pcori_DemRaceWhiteAgeHispanic"/>
  <testcase name="DBduration" time="34.884" classname="com.dbmi.i2b2Pcori.Qry_Pcori_DemRaceWhiteAgeHispanic"/>
</testsuite> <!-- com.dbmi.i2b2Pcori.Qry_Pcori_DemRaceWhiteAgeHispanic -->
