<?xml version="1.0" encoding="UTF-8"?>
<!-- Generated by org.testng.reporters.JUnitReportReporter -->
<testsuite hostname="jop55-dt" name="com.dbmi.i2b2Pcori.Qry_Pcori_ICD10ProcMedSurUpprtJntReplaceSternoOpen" tests="2" failures="0" timestamp="23 Oct 2017 11:58:05 GMT" time="521.770" errors="0">
  <testcase name="testCompare" time="211.917" classname="com.dbmi.i2b2Pcori.Qry_Pcori_ICD10ProcMedSurUpprtJntReplaceSternoOpen"/>
  <testcase name="DBduration" time="309.853" classname="com.dbmi.i2b2Pcori.Qry_Pcori_ICD10ProcMedSurUpprtJntReplaceSternoOpen"/>
</testsuite> <!-- com.dbmi.i2b2Pcori.Qry_Pcori_ICD10ProcMedSurUpprtJntReplaceSternoOpen -->
