<?xml version="1.0" encoding="UTF-8"?>
<!-- Generated by org.testng.reporters.JUnitReportReporter -->
<testsuite hostname="jop55-dt" name="com.dbmi.i2b2Pcori.Qry_Pcori_ICD10ProcPhysicalRehabAudiology" tests="2" failures="0" timestamp="17 Oct 2017 12:58:29 GMT" time="190.168" errors="0">
  <testcase name="DBduration" time="1.625" classname="com.dbmi.i2b2Pcori.Qry_Pcori_ICD10ProcPhysicalRehabAudiology"/>
  <testcase name="testCompare" time="188.543" classname="com.dbmi.i2b2Pcori.Qry_Pcori_ICD10ProcPhysicalRehabAudiology"/>
</testsuite> <!-- com.dbmi.i2b2Pcori.Qry_Pcori_ICD10ProcPhysicalRehabAudiology -->
