<?xml version="1.0" encoding="UTF-8"?>
<!-- Generated by org.testng.reporters.JUnitReportReporter -->
<testsuite hostname="jop55-dt" name="com.dbmi.i2b2Pcori.Qry_Pcori_DemVitalDead" tests="2" failures="0" timestamp="16 Oct 2017 12:31:38 GMT" time="221.564" errors="0">
  <testcase name="DBduration" time="10.980" classname="com.dbmi.i2b2Pcori.Qry_Pcori_DemVitalDead"/>
  <testcase name="testCompare" time="210.584" classname="com.dbmi.i2b2Pcori.Qry_Pcori_DemVitalDead"/>
</testsuite> <!-- com.dbmi.i2b2Pcori.Qry_Pcori_DemVitalDead -->
