<?xml version="1.0" encoding="UTF-8"?>
<!-- Generated by org.testng.reporters.JUnitReportReporter -->
<testsuite hostname="jop55-dt" name="com.dbmi.i2b2Pcori.Qry_Pcori_ICD10DiagCertPerinatHemorNewBrnIntraCraniGrd1NBorn" tests="2" failures="0" timestamp="16 Oct 2017 13:30:38 GMT" time="218.374" errors="0">
  <testcase name="DBduration" time="3.418" classname="com.dbmi.i2b2Pcori.Qry_Pcori_ICD10DiagCertPerinatHemorNewBrnIntraCraniGrd1NBorn"/>
  <testcase name="testCompare" time="214.956" classname="com.dbmi.i2b2Pcori.Qry_Pcori_ICD10DiagCertPerinatHemorNewBrnIntraCraniGrd1NBorn"/>
</testsuite> <!-- com.dbmi.i2b2Pcori.Qry_Pcori_ICD10DiagCertPerinatHemorNewBrnIntraCraniGrd1NBorn -->
