<?xml version="1.0" encoding="UTF-8"?>
<!-- Generated by org.testng.reporters.JUnitReportReporter -->
<testsuite hostname="jop55-dt" name="com.dbmi.i2b2Pcori.Qry_Pcori_ICD10ProcObstetrPregExtracProductViaArtNatuNoDevice" tests="2" failures="0" timestamp="17 Oct 2017 12:50:36 GMT" time="200.384" errors="0">
  <testcase name="DBduration" time="1.383" classname="com.dbmi.i2b2Pcori.Qry_Pcori_ICD10ProcObstetrPregExtracProductViaArtNatuNoDevice"/>
  <testcase name="testCompare" time="199.001" classname="com.dbmi.i2b2Pcori.Qry_Pcori_ICD10ProcObstetrPregExtracProductViaArtNatuNoDevice"/>
</testsuite> <!-- com.dbmi.i2b2Pcori.Qry_Pcori_ICD10ProcObstetrPregExtracProductViaArtNatuNoDevice -->
