<?xml version="1.0" encoding="UTF-8"?>
<!-- Generated by org.testng.reporters.JUnitReportReporter -->
<testsuite hostname="jop55-dt" name="com.dbmi.i2b2Pcori.Qry_Pcori_ICD9OperLiverTransPlantDate" tests="2" failures="0" timestamp="17 Oct 2017 13:45:48 GMT" time="193.940" errors="0">
  <testcase name="DBduration" time="3.562" classname="com.dbmi.i2b2Pcori.Qry_Pcori_ICD9OperLiverTransPlantDate"/>
  <testcase name="testCompare" time="190.378" classname="com.dbmi.i2b2Pcori.Qry_Pcori_ICD9OperLiverTransPlantDate"/>
</testsuite> <!-- com.dbmi.i2b2Pcori.Qry_Pcori_ICD9OperLiverTransPlantDate -->
