<?xml version="1.0" encoding="UTF-8"?>
<!-- Generated by org.testng.reporters.JUnitReportReporter -->
<testsuite hostname="jop55-dt" name="com.dbmi.i2b2Pcori.Qry_Pcori_LabElectroSodiumBloodArt" tests="2" failures="0" timestamp="17 Oct 2017 14:12:13 GMT" time="110.657" errors="0">
  <testcase name="DBduration" time="1.382" classname="com.dbmi.i2b2Pcori.Qry_Pcori_LabElectroSodiumBloodArt"/>
  <testcase name="testCompare" time="109.275" classname="com.dbmi.i2b2Pcori.Qry_Pcori_LabElectroSodiumBloodArt"/>
</testsuite> <!-- com.dbmi.i2b2Pcori.Qry_Pcori_LabElectroSodiumBloodArt -->
