<?xml version="1.0" encoding="UTF-8"?>
<!-- Generated by org.testng.reporters.JUnitReportReporter -->
<testsuite hostname="jop55-dt" name="com.dbmi.i2b2Pcori.Qry_Pcori_ICD10ImgUpperArtMRI_VertArtBilateral" tests="2" failures="0" timestamp="16 Oct 2017 18:50:13 GMT" time="207.405" errors="0">
  <testcase name="DBduration" time="3.606" classname="com.dbmi.i2b2Pcori.Qry_Pcori_ICD10ImgUpperArtMRI_VertArtBilateral"/>
  <testcase name="testCompare" time="203.799" classname="com.dbmi.i2b2Pcori.Qry_Pcori_ICD10ImgUpperArtMRI_VertArtBilateral"/>
</testsuite> <!-- com.dbmi.i2b2Pcori.Qry_Pcori_ICD10ImgUpperArtMRI_VertArtBilateral -->
