<?xml version="1.0" encoding="UTF-8"?>
<!-- Generated by org.testng.reporters.JUnitReportReporter -->
<testsuite hostname="jop55-dt" name="com.dbmi.i2b2Pcori.Qry_Pcori_ICD10_PhyRehabActivitCirculatoryLowerExtrAerobicConditioning" tests="2" failures="0" timestamp="16 Oct 2017 13:08:09 GMT" time="203.567" errors="0">
  <testcase name="DBduration" time="3.800" classname="com.dbmi.i2b2Pcori.Qry_Pcori_ICD10_PhyRehabActivitCirculatoryLowerExtrAerobicConditioning"/>
  <testcase name="testCompare" time="199.767" classname="com.dbmi.i2b2Pcori.Qry_Pcori_ICD10_PhyRehabActivitCirculatoryLowerExtrAerobicConditioning"/>
</testsuite> <!-- com.dbmi.i2b2Pcori.Qry_Pcori_ICD10_PhyRehabActivitCirculatoryLowerExtrAerobicConditioning -->
