<?xml version="1.0" encoding="UTF-8"?>
<!-- Generated by org.testng.reporters.JUnitReportReporter -->
<testsuite hostname="jop55-dt" name="com.dbmi.i2b2Pcori.Qry_Pcori_DemKnwnDiseased" tests="1" failures="0" timestamp="14 Sep 2017 11:05:14 GMT" time="207.727" errors="0">
  <testcase name="testCompare" time="207.727" classname="com.dbmi.i2b2Pcori.Qry_Pcori_DemKnwnDiseased"/>
</testsuite> <!-- com.dbmi.i2b2Pcori.Qry_Pcori_DemKnwnDiseased -->
