<?xml version="1.0" encoding="UTF-8"?>
<!-- Generated by org.testng.reporters.JUnitReportReporter -->
<testsuite hostname="jop55-dt" name="com.dbmi.i2b2Pcori.Qry_Pcori_ICD10DiagDisMuskSkelDeformScoliosisLumbar" tests="2" failures="0" timestamp="16 Oct 2017 14:26:37 GMT" time="246.722" errors="0">
  <testcase name="DBduration" time="6.094" classname="com.dbmi.i2b2Pcori.Qry_Pcori_ICD10DiagDisMuskSkelDeformScoliosisLumbar"/>
  <testcase name="testCompare" time="240.628" classname="com.dbmi.i2b2Pcori.Qry_Pcori_ICD10DiagDisMuskSkelDeformScoliosisLumbar"/>
</testsuite> <!-- com.dbmi.i2b2Pcori.Qry_Pcori_ICD10DiagDisMuskSkelDeformScoliosisLumbar -->
