<?xml version="1.0" encoding="UTF-8"?>
<!-- Generated by org.testng.reporters.JUnitReportReporter -->
<testsuite hostname="jop55-dt" name="com.dbmi.i2b2Pcori.Qry_Pcori_ICD10ProcNucMedMuscSkelSkulNCervical" tests="2" failures="0" timestamp="17 Oct 2017 12:44:19 GMT" time="199.552" errors="0">
  <testcase name="DBduration" time="1.380" classname="com.dbmi.i2b2Pcori.Qry_Pcori_ICD10ProcNucMedMuscSkelSkulNCervical"/>
  <testcase name="testCompare" time="198.172" classname="com.dbmi.i2b2Pcori.Qry_Pcori_ICD10ProcNucMedMuscSkelSkulNCervical"/>
</testsuite> <!-- com.dbmi.i2b2Pcori.Qry_Pcori_ICD10ProcNucMedMuscSkelSkulNCervical -->
