<?xml version="1.0" encoding="UTF-8"?>
<!-- Generated by org.testng.reporters.JUnitReportReporter -->
<testsuite hostname="jop55-dt" name="com.dbmi.i2b2Pcori.Qry_Pcori_ICD10ProcNucMedMuscSkelCervicalSpineTechnetium99" tests="2" failures="0" timestamp="17 Oct 2017 12:40:04 GMT" time="205.934" errors="0">
  <testcase name="DBduration" time="4.163" classname="com.dbmi.i2b2Pcori.Qry_Pcori_ICD10ProcNucMedMuscSkelCervicalSpineTechnetium99"/>
  <testcase name="testCompare" time="201.771" classname="com.dbmi.i2b2Pcori.Qry_Pcori_ICD10ProcNucMedMuscSkelCervicalSpineTechnetium99"/>
</testsuite> <!-- com.dbmi.i2b2Pcori.Qry_Pcori_ICD10ProcNucMedMuscSkelCervicalSpineTechnetium99 -->
