<?xml version="1.0" encoding="UTF-8"?>
<!-- Generated by org.testng.reporters.JUnitReportReporter -->
<testsuite hostname="jop55-dt" name="com.dbmi.i2b2Pcori.Qry_Pcori_OperLiverTransPlant" tests="2" failures="0" timestamp="24 Aug 2017 18:49:49 GMT" time="206.860" errors="0">
  <testcase name="DBduration" time="0.743" classname="com.dbmi.i2b2Pcori.Qry_Pcori_OperLiverTransPlant"/>
  <testcase name="testCompare" time="206.117" classname="com.dbmi.i2b2Pcori.Qry_Pcori_OperLiverTransPlant"/>
</testsuite> <!-- com.dbmi.i2b2Pcori.Qry_Pcori_OperLiverTransPlant -->
