<?xml version="1.0" encoding="UTF-8"?>
<!-- Generated by org.testng.reporters.JUnitReportReporter -->
<testsuite hostname="jop55-dt" name="com.dbmi.i2b2Act.Sql_developer" tests="1" failures="0" timestamp="6 Jun 2017 19:09:56 GMT" time="21.108" errors="0">
  <testcase name="sqlTest" time="21.108" classname="com.dbmi.i2b2Act.Sql_developer"/>
</testsuite> <!-- com.dbmi.i2b2Act.Sql_developer -->
