<?xml version="1.0" encoding="UTF-8"?>
<!-- Generated by org.testng.reporters.JUnitReportReporter -->
<testsuite hostname="jop55-dt" name="com.dbmi.i2b2Pcori.Qry_Pcori_ICD10DiagCertPerinatHemorNewBrnIntraCraniGrd1NBornDateRange" tests="2" failures="0" timestamp="16 Oct 2017 13:55:15 GMT" time="740.630" errors="0">
  <testcase name="DBduration" time="2.970" classname="com.dbmi.i2b2Pcori.Qry_Pcori_ICD10DiagCertPerinatHemorNewBrnIntraCraniGrd1NBornDateRange"/>
  <testcase name="testCompare" time="737.660" classname="com.dbmi.i2b2Pcori.Qry_Pcori_ICD10DiagCertPerinatHemorNewBrnIntraCraniGrd1NBornDateRange"/>
</testsuite> <!-- com.dbmi.i2b2Pcori.Qry_Pcori_ICD10DiagCertPerinatHemorNewBrnIntraCraniGrd1NBornDateRange -->
