<?xml version="1.0" encoding="UTF-8"?>
<!-- Generated by org.testng.reporters.JUnitReportReporter -->
<testsuite hostname="jop55-dt" name="com.dbmi.i2b2Pcori.Qry_Pcori_ICD10DiagDisRespDateRange" tests="2" failures="0" timestamp="24 Oct 2017 12:06:46 GMT" time="823.351" errors="0">
  <testcase name="DBduration" time="223.485" classname="com.dbmi.i2b2Pcori.Qry_Pcori_ICD10DiagDisRespDateRange"/>
  <testcase name="testCompare" time="599.866" classname="com.dbmi.i2b2Pcori.Qry_Pcori_ICD10DiagDisRespDateRange"/>
</testsuite> <!-- com.dbmi.i2b2Pcori.Qry_Pcori_ICD10DiagDisRespDateRange -->
