<?xml version="1.0" encoding="UTF-8"?>
<!-- Generated by org.testng.reporters.JUnitReportReporter -->
<testsuite hostname="jop55-dt" name="com.dbmi.i2b2Pcori.Qry_Pcori_ICD10DiagDisResp" tests="2" failures="0" timestamp="16 Oct 2017 17:56:52 GMT" time="242.669" errors="0">
  <testcase name="DBduration" time="1.798" classname="com.dbmi.i2b2Pcori.Qry_Pcori_ICD10DiagDisResp"/>
  <testcase name="testCompare" time="240.871" classname="com.dbmi.i2b2Pcori.Qry_Pcori_ICD10DiagDisResp"/>
</testsuite> <!-- com.dbmi.i2b2Pcori.Qry_Pcori_ICD10DiagDisResp -->
