<?xml version="1.0" encoding="UTF-8"?>
<!-- Generated by org.testng.reporters.JUnitReportReporter -->
<testsuite hostname="jop55-dt" name="com.dbmi.i2b2Pcori.Qry_Pcori_LabElectrolytes" tests="2" failures="0" timestamp="17 Oct 2017 13:51:03 GMT" time="230.045" errors="0">
  <testcase name="DBduration" time="24.834" classname="com.dbmi.i2b2Pcori.Qry_Pcori_LabElectrolytes"/>
  <testcase name="testCompare" time="205.211" classname="com.dbmi.i2b2Pcori.Qry_Pcori_LabElectrolytes"/>
</testsuite> <!-- com.dbmi.i2b2Pcori.Qry_Pcori_LabElectrolytes -->
