<?xml version="1.0" encoding="UTF-8"?>
<!-- Generated by org.testng.reporters.JUnitReportReporter -->
<testsuite hostname="jop55-dt" name="com.dbmi.i2b2Act.LoginI2b2Act" tests="1" failures="0" timestamp="2 Jun 2017 18:14:36 GMT" time="4.662" errors="0">
  <testcase name="testLogin" time="4.662" classname="com.dbmi.i2b2Act.LoginI2b2Act"/>
</testsuite> <!-- com.dbmi.i2b2Act.LoginI2b2Act -->
