<?xml version="1.0" encoding="UTF-8"?>
<!-- Generated by org.testng.reporters.JUnitReportReporter -->
<testsuite hostname="jop55-dt" name="com.dbmi.i2b2Pcori.Qry_Pcori_EncounterDischarHomeSelfCare" tests="2" failures="0" timestamp="16 Oct 2017 12:50:16 GMT" time="203.498" errors="0">
  <testcase name="DBduration" time="12.145" classname="com.dbmi.i2b2Pcori.Qry_Pcori_EncounterDischarHomeSelfCare"/>
  <testcase name="testCompare" time="191.353" classname="com.dbmi.i2b2Pcori.Qry_Pcori_EncounterDischarHomeSelfCare"/>
</testsuite> <!-- com.dbmi.i2b2Pcori.Qry_Pcori_EncounterDischarHomeSelfCare -->
