<?xml version="1.0" encoding="UTF-8"?>
<!-- Generated by org.testng.reporters.JUnitReportReporter -->
<testsuite hostname="jop55-dt" name="com.dbmi.i2b2Pcori.Qry_Pcori_ICD10ProcExtraPhysioloExtracorHyperthermia" tests="2" failures="0" timestamp="16 Oct 2017 19:22:45 GMT" time="197.515" errors="0">
  <testcase name="DBduration" time="1.448" classname="com.dbmi.i2b2Pcori.Qry_Pcori_ICD10ProcExtraPhysioloExtracorHyperthermia"/>
  <testcase name="testCompare" time="196.067" classname="com.dbmi.i2b2Pcori.Qry_Pcori_ICD10ProcExtraPhysioloExtracorHyperthermia"/>
</testsuite> <!-- com.dbmi.i2b2Pcori.Qry_Pcori_ICD10ProcExtraPhysioloExtracorHyperthermia -->
