<?xml version="1.0" encoding="UTF-8"?>
<!-- Generated by org.testng.reporters.JUnitReportReporter -->
<testsuite hostname="jop55-dt" name="com.dbmi.i2b2Pcori.Qry_Pcori_ICD10ProcMeasurePhysioloMonitorProductsExtRate" tests="2" failures="0" timestamp="16 Oct 2017 19:46:59 GMT" time="209.086" errors="0">
  <testcase name="DBduration" time="1.891" classname="com.dbmi.i2b2Pcori.Qry_Pcori_ICD10ProcMeasurePhysioloMonitorProductsExtRate"/>
  <testcase name="testCompare" time="207.195" classname="com.dbmi.i2b2Pcori.Qry_Pcori_ICD10ProcMeasurePhysioloMonitorProductsExtRate"/>
</testsuite> <!-- com.dbmi.i2b2Pcori.Qry_Pcori_ICD10ProcMeasurePhysioloMonitorProductsExtRate -->
