<?xml version="1.0" encoding="UTF-8"?>
<!-- Generated by org.testng.reporters.JUnitReportReporter -->
<testsuite hostname="jop55-dt" name="com.dbmi.i2b2Pcori.Qry_Pcori_ICD10ProcAdminPhysioIrriEyePercutaneous" tests="2" failures="0" timestamp="16 Oct 2017 18:54:18 GMT" time="204.782" errors="0">
  <testcase name="testCompare" time="203.358" classname="com.dbmi.i2b2Pcori.Qry_Pcori_ICD10ProcAdminPhysioIrriEyePercutaneous"/>
  <testcase name="DBduration" time="1.424" classname="com.dbmi.i2b2Pcori.Qry_Pcori_ICD10ProcAdminPhysioIrriEyePercutaneous"/>
</testsuite> <!-- com.dbmi.i2b2Pcori.Qry_Pcori_ICD10ProcAdminPhysioIrriEyePercutaneous -->
