<?xml version="1.0" encoding="UTF-8"?>
<!-- Generated by org.testng.reporters.JUnitReportReporter -->
<testsuite hostname="jop55-dt" name="com.dbmi.i2b2Pcori.Qry_Pcori_OtherProcPhysioOtherProcUpperExternalRobotic" tests="2" failures="0" timestamp="1 Sep 2017 18:20:51 GMT" time="192.995" errors="0">
  <testcase name="DBduration" time="0.449" classname="com.dbmi.i2b2Pcori.Qry_Pcori_OtherProcPhysioOtherProcUpperExternalRobotic"/>
  <testcase name="testCompare" time="192.546" classname="com.dbmi.i2b2Pcori.Qry_Pcori_OtherProcPhysioOtherProcUpperExternalRobotic"/>
</testsuite> <!-- com.dbmi.i2b2Pcori.Qry_Pcori_OtherProcPhysioOtherProcUpperExternalRobotic -->
