<?xml version="1.0" encoding="UTF-8"?>
<!-- Generated by org.testng.reporters.JUnitReportReporter -->
<testsuite hostname="jop55-dt" name="com.dbmi.i2b2Pcori.Qry_Pcori_LabElectroSodiumBloodArtDateRange" tests="2" failures="0" timestamp="17 Oct 2017 14:14:47 GMT" time="111.606" errors="0">
  <testcase name="DBduration" time="1.457" classname="com.dbmi.i2b2Pcori.Qry_Pcori_LabElectroSodiumBloodArtDateRange"/>
  <testcase name="testCompare" time="110.149" classname="com.dbmi.i2b2Pcori.Qry_Pcori_LabElectroSodiumBloodArtDateRange"/>
</testsuite> <!-- com.dbmi.i2b2Pcori.Qry_Pcori_LabElectroSodiumBloodArtDateRange -->
