<?xml version="1.0" encoding="UTF-8"?>
<!-- Generated by org.testng.reporters.JUnitReportReporter -->
<testsuite hostname="jop55-dt" name="com.dbmi.i2b2Pcori.Qry_Pcori_ICD109DiagDisRespAsthma" tests="2" failures="0" timestamp="23 Aug 2017 15:22:25 GMT" time="218.808" errors="0">
  <testcase name="DBduration" time="4.406" classname="com.dbmi.i2b2Pcori.Qry_Pcori_ICD109DiagDisRespAsthma"/>
  <testcase name="testCompare" time="214.402" classname="com.dbmi.i2b2Pcori.Qry_Pcori_ICD109DiagDisRespAsthma"/>
</testsuite> <!-- com.dbmi.i2b2Pcori.Qry_Pcori_ICD109DiagDisRespAsthma -->
