<?xml version="1.0" encoding="UTF-8"?>
<!-- Generated by org.testng.reporters.JUnitReportReporter -->
<testsuite hostname="jop55-dt" name="com.dbmi.i2b2Pcori.Qry_Pcori_ICD10DiagCertInfecRickettSpotFeverAustralisDate" tests="2" failures="0" timestamp="11 Sep 2017 18:51:31 GMT" time="719.533" errors="0">
  <testcase name="testCompare" time="719.081" classname="com.dbmi.i2b2Pcori.Qry_Pcori_ICD10DiagCertInfecRickettSpotFeverAustralisDate"/>
  <testcase name="DBduration" time="0.452" classname="com.dbmi.i2b2Pcori.Qry_Pcori_ICD10DiagCertInfecRickettSpotFeverAustralisDate"/>
</testsuite> <!-- com.dbmi.i2b2Pcori.Qry_Pcori_ICD10DiagCertInfecRickettSpotFeverAustralisDate -->
