<?xml version="1.0" encoding="UTF-8"?>
<!-- Generated by org.testng.reporters.JUnitReportReporter -->
<testsuite hostname="jop55-dt" name="com.dbmi.i2b2Pcori.Qry_Pcori_ICD9OperDigestiveSystem" tests="2" failures="0" timestamp="17 Oct 2017 13:04:54 GMT" time="211.004" errors="0">
  <testcase name="DBduration" time="2.339" classname="com.dbmi.i2b2Pcori.Qry_Pcori_ICD9OperDigestiveSystem"/>
  <testcase name="testCompare" time="208.665" classname="com.dbmi.i2b2Pcori.Qry_Pcori_ICD9OperDigestiveSystem"/>
</testsuite> <!-- com.dbmi.i2b2Pcori.Qry_Pcori_ICD9OperDigestiveSystem -->
