<?xml version="1.0" encoding="UTF-8"?>
<!-- Generated by org.testng.reporters.JUnitReportReporter -->
<testsuite hostname="jop55-dt" name="com.dbmi.i2b2Pcori.Qry_Pcori_ICD10ProcNucMedMuscSkelServicalSpineDateRange" tests="2" failures="0" timestamp="30 Aug 2017 19:24:08 GMT" time="702.025" errors="0">
  <testcase name="DBduration" time="2.760" classname="com.dbmi.i2b2Pcori.Qry_Pcori_ICD10ProcNucMedMuscSkelServicalSpineDateRange"/>
  <testcase name="testCompare" time="699.265" classname="com.dbmi.i2b2Pcori.Qry_Pcori_ICD10ProcNucMedMuscSkelServicalSpineDateRange"/>
</testsuite> <!-- com.dbmi.i2b2Pcori.Qry_Pcori_ICD10ProcNucMedMuscSkelServicalSpineDateRange -->
