<?xml version="1.0" encoding="UTF-8"?>
<!-- Generated by org.testng.reporters.JUnitReportReporter -->
<testsuite hostname="jop55-dt" name="com.dbmi.i2b2Pcori.Qry_Pcori_ICD10ProcNucMedMuscSkelCervicalSpine" tests="2" failures="0" timestamp="17 Oct 2017 12:04:11 GMT" time="196.787" errors="0">
  <testcase name="DBduration" time="1.578" classname="com.dbmi.i2b2Pcori.Qry_Pcori_ICD10ProcNucMedMuscSkelCervicalSpine"/>
  <testcase name="testCompare" time="195.209" classname="com.dbmi.i2b2Pcori.Qry_Pcori_ICD10ProcNucMedMuscSkelCervicalSpine"/>
</testsuite> <!-- com.dbmi.i2b2Pcori.Qry_Pcori_ICD10ProcNucMedMuscSkelCervicalSpine -->
