<?xml version="1.0" encoding="UTF-8"?>
<!-- Generated by org.testng.reporters.JUnitReportReporter -->
<testsuite hostname="jop55-dt" name="com.dbmi.i2b2Act.DBTest" tests="1" failures="0" timestamp="21 Jul 2017 14:11:11 GMT" time="2.308" errors="0">
  <testcase name="testDB" time="2.308" classname="com.dbmi.i2b2Act.DBTest"/>
</testsuite> <!-- com.dbmi.i2b2Act.DBTest -->
