<?xml version="1.0" encoding="UTF-8"?>
<!-- Generated by org.testng.reporters.JUnitReportReporter -->
<testsuite hostname="jop55-dt" name="com.dbmi.i2b2Pcori.Qry_Pcori_ICD10ProcNucMedCentralNerv" tests="2" failures="0" timestamp="17 Oct 2017 11:28:49 GMT" time="191.999" errors="0">
  <testcase name="DBduration" time="3.488" classname="com.dbmi.i2b2Pcori.Qry_Pcori_ICD10ProcNucMedCentralNerv"/>
  <testcase name="testCompare" time="188.511" classname="com.dbmi.i2b2Pcori.Qry_Pcori_ICD10ProcNucMedCentralNerv"/>
</testsuite> <!-- com.dbmi.i2b2Pcori.Qry_Pcori_ICD10ProcNucMedCentralNerv -->
