<?xml version="1.0" encoding="UTF-8"?>
<!-- Generated by org.testng.reporters.JUnitReportReporter -->
<testsuite hostname="jop55-dt" name="com.dbmi.i2b2Act.Qry_Act_DemRaceWhiteDate" tests="1" failures="0" timestamp="21 Aug 2017 12:32:51 GMT" time="7.497" errors="0">
  <testcase name="DBduration" time="7.497" classname="com.dbmi.i2b2Act.Qry_Act_DemRaceWhiteDate"/>
</testsuite> <!-- com.dbmi.i2b2Act.Qry_Act_DemRaceWhiteDate -->
