<?xml version="1.0" encoding="UTF-8"?>
<!-- Generated by org.testng.reporters.JUnitReportReporter -->
<testsuite hostname="jop55-dt" name="com.dbmi.i2b2Pcori.Qry_Pcori_PhyRehabActivitCirculatoryLowerExtrAerobicConditioning" tests="2" failures="0" timestamp="1 Sep 2017 16:30:26 GMT" time="192.905" errors="0">
  <testcase name="DBduration" time="0.656" classname="com.dbmi.i2b2Pcori.Qry_Pcori_PhyRehabActivitCirculatoryLowerExtrAerobicConditioning"/>
  <testcase name="testCompare" time="192.249" classname="com.dbmi.i2b2Pcori.Qry_Pcori_PhyRehabActivitCirculatoryLowerExtrAerobicConditioning"/>
</testsuite> <!-- com.dbmi.i2b2Pcori.Qry_Pcori_PhyRehabActivitCirculatoryLowerExtrAerobicConditioning -->
