<?xml version="1.0" encoding="UTF-8"?>
<!-- Generated by org.testng.reporters.JUnitReportReporter -->
<testsuite hostname="jop55-dt" name="com.dbmi.i2b2Pcori.Qry_Pcori_DemRaceBlkOrAfAm" tests="2" failures="0" timestamp="13 Oct 2017 19:02:37 GMT" time="216.535" errors="0">
  <testcase name="DBduration" time="8.253" classname="com.dbmi.i2b2Pcori.Qry_Pcori_DemRaceBlkOrAfAm"/>
  <testcase name="testCompare" time="208.282" classname="com.dbmi.i2b2Pcori.Qry_Pcori_DemRaceBlkOrAfAm"/>
</testsuite> <!-- com.dbmi.i2b2Pcori.Qry_Pcori_DemRaceBlkOrAfAm -->
