<?xml version="1.0" encoding="UTF-8"?>
<!-- Generated by org.testng.reporters.JUnitReportReporter -->
<testsuite hostname="jop55-dt" name="com.dbmi.i2b2Act.Qry_ChrViralHepC" tests="1" failures="0" timestamp="13 Jul 2017 16:03:28 GMT" time="17.866" errors="0">
  <testcase name="testViralHepC" time="17.866" classname="com.dbmi.i2b2Act.Qry_ChrViralHepC"/>
</testsuite> <!-- com.dbmi.i2b2Act.Qry_ChrViralHepC -->
