<?xml version="1.0" encoding="UTF-8"?>
<!-- Generated by org.testng.reporters.JUnitReportReporter -->
<testsuite hostname="jop55-dt" name="com.dbmi.i2b2Act.Qry_name_I2b2Act" tests="2" failures="0" timestamp="1 Jun 2017 19:30:38 GMT" time="17.557" errors="0">
  <testcase name="testLogin" time="4.219" classname="com.dbmi.i2b2Act.Qry_name_I2b2Act"/>
  <testcase name="testExt" time="13.338" classname="com.dbmi.i2b2Act.Qry_name_I2b2Act"/>
</testsuite> <!-- com.dbmi.i2b2Act.Qry_name_I2b2Act -->
