<?xml version="1.0" encoding="UTF-8"?>
<!-- Generated by org.testng.reporters.JUnitReportReporter -->
<testsuite hostname="jop55-dt" name="com.dbmi.i2b2Pcori.Qry_Pcori_MedCardioCaptoprilOralTabDateRange" tests="2" failures="0" timestamp="25 Oct 2017 12:40:33 GMT" time="803.399" errors="0">
  <testcase name="DBduration" time="585.995" classname="com.dbmi.i2b2Pcori.Qry_Pcori_MedCardioCaptoprilOralTabDateRange"/>
  <testcase name="testCompare" time="217.404" classname="com.dbmi.i2b2Pcori.Qry_Pcori_MedCardioCaptoprilOralTabDateRange"/>
</testsuite> <!-- com.dbmi.i2b2Pcori.Qry_Pcori_MedCardioCaptoprilOralTabDateRange -->
