<?xml version="1.0" encoding="UTF-8"?>
<!-- Generated by org.testng.reporters.JUnitReportReporter -->
<testsuite hostname="jop55-dt" name="com.dbmi.i2b2Act.Qry_EMRVisit" tests="2" failures="0" timestamp="26 Jun 2017 20:38:12 GMT" time="56.647" errors="0">
  <testcase name="testLogin" time="3.706" classname="com.dbmi.i2b2Act.Qry_EMRVisit"/>
  <testcase name="testDisEar" time="52.941" classname="com.dbmi.i2b2Act.Qry_EMRVisit"/>
</testsuite> <!-- com.dbmi.i2b2Act.Qry_EMRVisit -->
