<?xml version="1.0" encoding="UTF-8"?>
<!-- Generated by org.testng.reporters.JUnitReportReporter -->
<testsuite hostname="jop55-dt" name="com.dbmi.i2b2Pcori.Qry_Pcori_ICD10DiagDisRespAsthma" tests="2" failures="0" timestamp="16 Oct 2017 18:01:58 GMT" time="246.604" errors="0">
  <testcase name="DBduration" time="1.647" classname="com.dbmi.i2b2Pcori.Qry_Pcori_ICD10DiagDisRespAsthma"/>
  <testcase name="testCompare" time="244.957" classname="com.dbmi.i2b2Pcori.Qry_Pcori_ICD10DiagDisRespAsthma"/>
</testsuite> <!-- com.dbmi.i2b2Pcori.Qry_Pcori_ICD10DiagDisRespAsthma -->
