<?xml version="1.0" encoding="UTF-8"?>
<!-- Generated by org.testng.reporters.JUnitReportReporter -->
<testsuite hostname="jop55-dt" name="com.dbmi.i2b2Pcori.Qry_Pcori_MedCardioMeds" tests="2" failures="0" timestamp="17 Oct 2017 15:30:30 GMT" time="337.279" errors="0">
  <testcase name="DBduration" time="87.189" classname="com.dbmi.i2b2Pcori.Qry_Pcori_MedCardioMeds"/>
  <testcase name="testCompare" time="250.090" classname="com.dbmi.i2b2Pcori.Qry_Pcori_MedCardioMeds"/>
</testsuite> <!-- com.dbmi.i2b2Pcori.Qry_Pcori_MedCardioMeds -->
