<?xml version="1.0" encoding="UTF-8"?>
<!-- Generated by org.testng.reporters.JUnitReportReporter -->
<testsuite hostname="jop55-dt" name="com.dbmi.i2b2Pcori.Qry_Pcori_ICD10ProcMentalNonePsychoPersonBehavioral" tests="2" failures="0" timestamp="17 Oct 2017 11:23:08 GMT" time="206.229" errors="0">
  <testcase name="DBduration" time="4.735" classname="com.dbmi.i2b2Pcori.Qry_Pcori_ICD10ProcMentalNonePsychoPersonBehavioral"/>
  <testcase name="testCompare" time="201.494" classname="com.dbmi.i2b2Pcori.Qry_Pcori_ICD10ProcMentalNonePsychoPersonBehavioral"/>
</testsuite> <!-- com.dbmi.i2b2Pcori.Qry_Pcori_ICD10ProcMentalNonePsychoPersonBehavioral -->
