<?xml version="1.0" encoding="UTF-8"?>
<!-- Generated by org.testng.reporters.JUnitReportReporter -->
<testsuite hostname="jop55-dt" name="com.dbmi.i2b2Act.Qry_HemoA1c" tests="1" failures="0" timestamp="13 Jul 2017 16:33:43 GMT" time="16.440" errors="0">
  <testcase name="testDisEar" time="16.440" classname="com.dbmi.i2b2Act.Qry_HemoA1c"/>
</testsuite> <!-- com.dbmi.i2b2Act.Qry_HemoA1c -->
