<?xml version="1.0" encoding="UTF-8"?>
<!-- Generated by org.testng.reporters.JUnitReportReporter -->
<testsuite hostname="jop55-dt" name="com.dbmi.i2b2Act.Qry_Act_VisitTypeEmrg" tests="1" failures="0" timestamp="13 Jul 2017 15:45:40 GMT" time="113.772" errors="0">
  <testcase name="testCompare" time="113.772" classname="com.dbmi.i2b2Act.Qry_Act_VisitTypeEmrg"/>
</testsuite> <!-- com.dbmi.i2b2Act.Qry_Act_VisitTypeEmrg -->
