<?xml version="1.0" encoding="UTF-8"?>
<!-- Generated by org.testng.reporters.JUnitReportReporter -->
<testsuite hostname="jop55-dt" name="com.dbmi.i2b2Pcori.Qry_Pcori_ICD10ProcExtracorporealPerform" tests="2" failures="0" timestamp="16 Oct 2017 19:16:10 GMT" time="206.252" errors="0">
  <testcase name="DBduration" time="4.242" classname="com.dbmi.i2b2Pcori.Qry_Pcori_ICD10ProcExtracorporealPerform"/>
  <testcase name="testCompare" time="202.010" classname="com.dbmi.i2b2Pcori.Qry_Pcori_ICD10ProcExtracorporealPerform"/>
</testsuite> <!-- com.dbmi.i2b2Pcori.Qry_Pcori_ICD10ProcExtracorporealPerform -->
