<?xml version="1.0" encoding="UTF-8"?>
<!-- Generated by org.testng.reporters.JUnitReportReporter -->
<testsuite hostname="jop55-dt" name="com.dbmi.i2b2Pcori.Qry_Pcori_ICD10DiagDisNervMyoneuralMyopathInflamatoryOtherInflmatoryElseClassifiedDateRange" tests="2" failures="0" timestamp="12 Oct 2017 16:48:49 GMT" time="816.162" errors="0">
  <testcase name="DBduration" time="4.214" classname="com.dbmi.i2b2Pcori.Qry_Pcori_ICD10DiagDisNervMyoneuralMyopathInflamatoryOtherInflmatoryElseClassifiedDateRange"/>
  <testcase name="testCompare" time="811.948" classname="com.dbmi.i2b2Pcori.Qry_Pcori_ICD10DiagDisNervMyoneuralMyopathInflamatoryOtherInflmatoryElseClassifiedDateRange"/>
</testsuite> <!-- com.dbmi.i2b2Pcori.Qry_Pcori_ICD10DiagDisNervMyoneuralMyopathInflamatoryOtherInflmatoryElseClassifiedDateRange -->
