<?xml version="1.0" encoding="UTF-8"?>
<!-- Generated by org.testng.reporters.JUnitReportReporter -->
<testsuite hostname="jop55-dt" name="com.dbmi.i2b2Pcori.Qry_Pcori_MedCardioCaptopril" tests="2" failures="0" timestamp="17 Oct 2017 15:00:23 GMT" time="242.957" errors="0">
  <testcase name="DBduration" time="42.607" classname="com.dbmi.i2b2Pcori.Qry_Pcori_MedCardioCaptopril"/>
  <testcase name="testCompare" time="200.350" classname="com.dbmi.i2b2Pcori.Qry_Pcori_MedCardioCaptopril"/>
</testsuite> <!-- com.dbmi.i2b2Pcori.Qry_Pcori_MedCardioCaptopril -->
