<?xml version="1.0" encoding="UTF-8"?>
<!-- Generated by org.testng.reporters.JUnitReportReporter -->
<testsuite hostname="jop55-dt" name="com.dbmi.i2b2Pcori.DBTest" tests="1" failures="0" timestamp="9 Oct 2017 17:09:41 GMT" time="1.805" errors="0">
  <testcase name="testDB" time="1.805" classname="com.dbmi.i2b2Pcori.DBTest"/>
</testsuite> <!-- com.dbmi.i2b2Pcori.DBTest -->
