<?xml version="1.0" encoding="UTF-8"?>
<!-- Generated by org.testng.reporters.JUnitReportReporter -->
<testsuite hostname="jop55-dt" name="com.dbmi.i2b2Pcori.Qry_Pcori_ICD10ProcNucMedMuscSkelCervicalSpineDateRange" tests="2" failures="0" timestamp="17 Oct 2017 12:14:51 GMT" time="774.377" errors="0">
  <testcase name="testCompare" time="772.334" classname="com.dbmi.i2b2Pcori.Qry_Pcori_ICD10ProcNucMedMuscSkelCervicalSpineDateRange"/>
  <testcase name="DBduration" time="2.043" classname="com.dbmi.i2b2Pcori.Qry_Pcori_ICD10ProcNucMedMuscSkelCervicalSpineDateRange"/>
</testsuite> <!-- com.dbmi.i2b2Pcori.Qry_Pcori_ICD10ProcNucMedMuscSkelCervicalSpineDateRange -->
