<?xml version="1.0" encoding="UTF-8"?>
<!-- Generated by org.testng.reporters.JUnitReportReporter -->
<testsuite hostname="jop55-dt" name="com.dbmi.i2b2Pcori.Qry_Pcori_ICD10ProcMeasurePhysioloMonitorProducts" tests="2" failures="0" timestamp="16 Oct 2017 19:43:01 GMT" time="207.452" errors="0">
  <testcase name="DBduration" time="1.640" classname="com.dbmi.i2b2Pcori.Qry_Pcori_ICD10ProcMeasurePhysioloMonitorProducts"/>
  <testcase name="testCompare" time="205.812" classname="com.dbmi.i2b2Pcori.Qry_Pcori_ICD10ProcMeasurePhysioloMonitorProducts"/>
</testsuite> <!-- com.dbmi.i2b2Pcori.Qry_Pcori_ICD10ProcMeasurePhysioloMonitorProducts -->
