<?xml version="1.0" encoding="UTF-8"?>
<!-- Generated by org.testng.reporters.JUnitReportReporter -->
<testsuite hostname="jop55-dt" name="com.dbmi.i2b2Act.Qry_Act_VisitDetailsLengthOfStay" tests="1" failures="0" timestamp="21 Aug 2017 12:32:51 GMT" time="3.767" errors="0">
  <testcase name="DBduration" time="3.767" classname="com.dbmi.i2b2Act.Qry_Act_VisitDetailsLengthOfStay"/>
</testsuite> <!-- com.dbmi.i2b2Act.Qry_Act_VisitDetailsLengthOfStay -->
