<?xml version="1.0" encoding="UTF-8"?>
<!-- Generated by org.testng.reporters.JUnitReportReporter -->
<testsuite hostname="jop55-dt" name="com.dbmi.i2b2Pcori.Qry_Pcori_VisitTypeEmergency" tests="2" failures="0" timestamp="23 Oct 2017 20:36:36 GMT" time="353.049" errors="0">
  <testcase name="DBduration" time="100.419" classname="com.dbmi.i2b2Pcori.Qry_Pcori_VisitTypeEmergency"/>
  <testcase name="testCompare" time="252.630" classname="com.dbmi.i2b2Pcori.Qry_Pcori_VisitTypeEmergency"/>
</testsuite> <!-- com.dbmi.i2b2Pcori.Qry_Pcori_VisitTypeEmergency -->
