<?xml version="1.0" encoding="UTF-8"?>
<!-- Generated by org.testng.reporters.JUnitReportReporter -->
<testsuite hostname="jop55-dt" name="com.dbmi.i2b2Pcori.Qry_Pcori_ICD10DiagDisRespAsthmaDateRange" tests="2" failures="0" timestamp="24 Oct 2017 11:43:27 GMT" time="1175.441" errors="0">
  <testcase name="DBduration" time="541.710" classname="com.dbmi.i2b2Pcori.Qry_Pcori_ICD10DiagDisRespAsthmaDateRange"/>
  <testcase name="testCompare" time="633.731" classname="com.dbmi.i2b2Pcori.Qry_Pcori_ICD10DiagDisRespAsthmaDateRange"/>
</testsuite> <!-- com.dbmi.i2b2Pcori.Qry_Pcori_ICD10DiagDisRespAsthmaDateRange -->
