<?xml version="1.0" encoding="UTF-8"?>
<!-- Generated by org.testng.reporters.JUnitReportReporter -->
<testsuite hostname="jop55-dt" name="com.dbmi.i2b2Pcori.Qry_Pcori_ICD10DiagSymptomsR00_99R1019AbdomPelvicOtherReboundLeftUpTender" tests="2" failures="0" timestamp="24 Oct 2017 12:14:28 GMT" time="249.679" errors="0">
  <testcase name="DBduration" time="3.322" classname="com.dbmi.i2b2Pcori.Qry_Pcori_ICD10DiagSymptomsR00_99R1019AbdomPelvicOtherReboundLeftUpTender"/>
  <testcase name="testCompare" time="246.357" classname="com.dbmi.i2b2Pcori.Qry_Pcori_ICD10DiagSymptomsR00_99R1019AbdomPelvicOtherReboundLeftUpTender"/>
</testsuite> <!-- com.dbmi.i2b2Pcori.Qry_Pcori_ICD10DiagSymptomsR00_99R1019AbdomPelvicOtherReboundLeftUpTender -->
