<?xml version="1.0" encoding="UTF-8"?>
<!-- Generated by org.testng.reporters.JUnitReportReporter -->
<testsuite hostname="jop55-dt" name="com.dbmi.i2b2Pcori.Qry_Pcori_ICD10ProcNucMedMuscSkelServicalSpineTechnetium99" tests="2" failures="0" timestamp="31 Aug 2017 12:55:21 GMT" time="194.677" errors="0">
  <testcase name="testCompare" time="194.041" classname="com.dbmi.i2b2Pcori.Qry_Pcori_ICD10ProcNucMedMuscSkelServicalSpineTechnetium99"/>
  <testcase name="DBduration" time="0.636" classname="com.dbmi.i2b2Pcori.Qry_Pcori_ICD10ProcNucMedMuscSkelServicalSpineTechnetium99"/>
</testsuite> <!-- com.dbmi.i2b2Pcori.Qry_Pcori_ICD10ProcNucMedMuscSkelServicalSpineTechnetium99 -->
