<?xml version="1.0" encoding="UTF-8"?>
<!-- Generated by org.testng.reporters.JUnitReportReporter -->
<testsuite hostname="jop55-dt" name="com.dbmi.i2b2Act.Qry_Act_MedCardioCaptoprilDate" tests="1" failures="0" timestamp="14 Aug 2017 19:03:18 GMT" time="18.472" errors="0">
  <testcase name="qryMedCardioCaptoprilDate" time="18.472" classname="com.dbmi.i2b2Act.Qry_Act_MedCardioCaptoprilDate"/>
</testsuite> <!-- com.dbmi.i2b2Act.Qry_Act_MedCardioCaptoprilDate -->
