<?xml version="1.0" encoding="UTF-8"?>
<!-- Generated by org.testng.reporters.JUnitReportReporter -->
<testsuite hostname="jop55-dt" name="com.dbmi.i2b2Pcori.Qry_Pcori_ICD10_OtherProcPhysioOtherProcUpperExternalRobotic" tests="2" failures="0" timestamp="16 Oct 2017 12:58:53 GMT" time="205.530" errors="0">
  <testcase name="DBduration" time="2.059" classname="com.dbmi.i2b2Pcori.Qry_Pcori_ICD10_OtherProcPhysioOtherProcUpperExternalRobotic"/>
  <testcase name="testCompare" time="203.471" classname="com.dbmi.i2b2Pcori.Qry_Pcori_ICD10_OtherProcPhysioOtherProcUpperExternalRobotic"/>
</testsuite> <!-- com.dbmi.i2b2Pcori.Qry_Pcori_ICD10_OtherProcPhysioOtherProcUpperExternalRobotic -->
