<?xml version="1.0" encoding="UTF-8"?>
<!-- Generated by org.testng.reporters.JUnitReportReporter -->
<testsuite hostname="jop55-dt" name="com.dbmi.i2b2Pcori.Qry_Pcori_ICD9OperDigestiveSystemDateRange" tests="2" failures="0" timestamp="23 Oct 2017 14:00:36 GMT" time="211.235" errors="0">
  <testcase name="DBduration" time="1.507" classname="com.dbmi.i2b2Pcori.Qry_Pcori_ICD9OperDigestiveSystemDateRange"/>
  <testcase name="testCompare" time="209.728" classname="com.dbmi.i2b2Pcori.Qry_Pcori_ICD9OperDigestiveSystemDateRange"/>
</testsuite> <!-- com.dbmi.i2b2Pcori.Qry_Pcori_ICD9OperDigestiveSystemDateRange -->
