<?xml version="1.0" encoding="UTF-8"?>
<!-- Generated by org.testng.reporters.JUnitReportReporter -->
<testsuite hostname="jop55-dt" name="com.dbmi.i2b2Pcori.Qry_Pcori_ICD10ProcMedSurUpprtJntReplaceSternoOpenSynthetic" tests="2" failures="0" timestamp="23 Oct 2017 13:34:22 GMT" time="522.207" errors="0">
  <testcase name="DBduration" time="317.365" classname="com.dbmi.i2b2Pcori.Qry_Pcori_ICD10ProcMedSurUpprtJntReplaceSternoOpenSynthetic"/>
  <testcase name="testCompare" time="204.842" classname="com.dbmi.i2b2Pcori.Qry_Pcori_ICD10ProcMedSurUpprtJntReplaceSternoOpenSynthetic"/>
</testsuite> <!-- com.dbmi.i2b2Pcori.Qry_Pcori_ICD10ProcMedSurUpprtJntReplaceSternoOpenSynthetic -->
