<?xml version="1.0" encoding="UTF-8"?>
<!-- Generated by org.testng.reporters.JUnitReportReporter -->
<testsuite hostname="jop55-dt" name="com.dbmi.i2b2Pcori.Qry_Pcori_DemHispanicDate" tests="2" failures="0" timestamp="13 Oct 2017 18:57:02 GMT" time="46.001" errors="0">
  <testcase name="DBduration" time="26.650" classname="com.dbmi.i2b2Pcori.Qry_Pcori_DemHispanicDate"/>
  <testcase name="testCompare" time="19.351" classname="com.dbmi.i2b2Pcori.Qry_Pcori_DemHispanicDate"/>
</testsuite> <!-- com.dbmi.i2b2Pcori.Qry_Pcori_DemHispanicDate -->
