<?xml version="1.0" encoding="UTF-8"?>
<!-- Generated by org.testng.reporters.JUnitReportReporter -->
<testsuite hostname="jop55-dt" name="com.dbmi.i2b2Pcori.Qry_Pcori_DemHispanicY" tests="2" failures="0" timestamp="13 Oct 2017 18:58:05 GMT" time="20.356" errors="0">
  <testcase name="DBduration" time="2.107" classname="com.dbmi.i2b2Pcori.Qry_Pcori_DemHispanicY"/>
  <testcase name="testCompare" time="18.249" classname="com.dbmi.i2b2Pcori.Qry_Pcori_DemHispanicY"/>
</testsuite> <!-- com.dbmi.i2b2Pcori.Qry_Pcori_DemHispanicY -->
