<?xml version="1.0" encoding="UTF-8"?>
<!-- Generated by org.testng.reporters.JUnitReportReporter -->
<testsuite hostname="jop55-dt" name="com.dbmi.i2b2Act.Qry_DisEar" tests="1" failures="0" timestamp="13 Jul 2017 16:22:47 GMT" time="16.642" errors="0">
  <testcase name="testDisEar" time="16.642" classname="com.dbmi.i2b2Act.Qry_DisEar"/>
</testsuite> <!-- com.dbmi.i2b2Act.Qry_DisEar -->
