<?xml version="1.0" encoding="UTF-8"?>
<!-- Generated by org.testng.reporters.JUnitReportReporter -->
<testsuite hostname="jop55-dt" name="com.dbmi.i2b2Pcori.Qry_Pcori_ICD10DiagDisNervMyoneuralMyopathInflamatoryOtherInflmatoryElseClassified" tests="2" failures="0" timestamp="16 Oct 2017 15:11:57 GMT" time="257.542" errors="0">
  <testcase name="DBduration" time="4.028" classname="com.dbmi.i2b2Pcori.Qry_Pcori_ICD10DiagDisNervMyoneuralMyopathInflamatoryOtherInflmatoryElseClassified"/>
  <testcase name="testCompare" time="253.514" classname="com.dbmi.i2b2Pcori.Qry_Pcori_ICD10DiagDisNervMyoneuralMyopathInflamatoryOtherInflmatoryElseClassified"/>
</testsuite> <!-- com.dbmi.i2b2Pcori.Qry_Pcori_ICD10DiagDisNervMyoneuralMyopathInflamatoryOtherInflmatoryElseClassified -->
