<?xml version="1.0" encoding="UTF-8"?>
<!-- Generated by org.testng.reporters.JUnitReportReporter -->
<testsuite hostname="jop55-dt" name="com.dbmi.i2b2Pcori.Qry_Pcori_MedCardioCaptoprilOralTab" tests="2" failures="0" timestamp="25 Oct 2017 12:25:50 GMT" time="40.842" errors="0">
  <testcase name="DBduration" time="13.242" classname="com.dbmi.i2b2Pcori.Qry_Pcori_MedCardioCaptoprilOralTab"/>
  <testcase name="testCompare" time="27.600" classname="com.dbmi.i2b2Pcori.Qry_Pcori_MedCardioCaptoprilOralTab"/>
</testsuite> <!-- com.dbmi.i2b2Pcori.Qry_Pcori_MedCardioCaptoprilOralTab -->
